<?xml version="1.0" encoding="UTF-8"?>
<testsuite xmlns:xsi="http://www.w3.org/2001/XMLSchema-instance" xsi:noNamespaceSchemaLocation="https://maven.apache.org/surefire/maven-surefire-plugin/xsd/surefire-test-report.xsd" name="w.Test1" time="10.061" tests="3" errors="0" skipped="0" failures="1">
  <properties>
[...]
</properties>
  <testcase name="randomTest" classname="w.Test1" time="0.043"/>
  <testcase name="failTest" classname="w.Test1" time="10.01">
    <failure message="expected: &lt;0&gt; but was: &lt;1&gt;" type="org.opentest4j.AssertionFailedError"><![CDATA[org.opentest4j.AssertionFailedError: expected: <0> but was: <1>
	at w.Test1.failTest(Test1.java:21)
]]></failure>
  </testcase>
  <testcase name="passTest" classname="w.Test1" time="0.001"/>
</testsuite>